<?xml version="1.0" encoding="UTF-8"?>
<!-- Generated by org.testng.reporters.JUnitReportReporter -->
<testsuite hostname="LAPTOP-4I05FVO2" failures="0" tests="2" name="Excel.FrameE2Eproject.NavigationTitle" time="0.530" errors="0" timestamp="2021-01-14T22:58:56 IST" skipped="0">
  <testcase classname="Excel.FrameE2Eproject.NavigationTitle" name="headerTitle" time="0.373"/>
  <system-out/>
  <testcase classname="Excel.FrameE2Eproject.NavigationTitle" name="navigationTitle" time="0.157"/>
  <system-out/>
</testsuite> <!-- Excel.FrameE2Eproject.NavigationTitle -->
