<?xml version="1.0" encoding="UTF-8"?>
<!-- Generated by org.testng.reporters.JUnitReportReporter -->
<testsuite hostname="LAPTOP-4I05FVO2" failures="0" tests="2" name="Excel.FrameE2Eproject.VisbityTest" time="0.977" errors="0" timestamp="2021-01-14T22:58:56 IST" skipped="0">
  <testcase classname="Excel.FrameE2Eproject.VisbityTest" name="visbility" time="0.390"/>
  <system-out/>
  <testcase classname="Excel.FrameE2Eproject.VisbityTest" name="visbility" time="0.587"/>
  <system-out/>
</testsuite> <!-- Excel.FrameE2Eproject.VisbityTest -->
